{"C:\\Users\\User\\Documents\\workroom\\my-app\\my-app\\src\\App.tsx": {"path":"C:\\Users\\User\\Documents\\workroom\\my-app\\my-app\\src\\App.tsx","all":false,"statementMap":{"0":{"start":{"line":1,"column":0},"end":{"line":1,"column":18}},"1":{"start":{"line":2,"column":0},"end":{"line":2,"column":52}},"2":{"start":{"line":3,"column":0},"end":{"line":3,"column":49}},"3":{"start":{"line":4,"column":0},"end":{"line":4,"column":29}},"5":{"start":{"line":6,"column":0},"end":{"line":6,"column":26}},"6":{"start":{"line":7,"column":0},"end":{"line":7,"column":23}},"7":{"start":{"line":8,"column":0},"end":{"line":8,"column":35}},"8":{"start":{"line":9,"column":0},"end":{"line":9,"column":56}},"9":{"start":{"line":10,"column":0},"end":{"line":10,"column":17}},"10":{"start":{"line":11,"column":0},"end":{"line":11,"column":9}},"11":{"start":{"line":12,"column":0},"end":{"line":12,"column":57}},"12":{"start":{"line":13,"column":0},"end":{"line":13,"column":10}},"13":{"start":{"line":14,"column":0},"end":{"line":14,"column":16}},"14":{"start":{"line":15,"column":0},"end":{"line":15,"column":12}},"15":{"start":{"line":16,"column":0},"end":{"line":16,"column":27}},"16":{"start":{"line":17,"column":0},"end":{"line":17,"column":10}},"17":{"start":{"line":18,"column":0},"end":{"line":18,"column":30}},"18":{"start":{"line":19,"column":0},"end":{"line":19,"column":36}},"19":{"start":{"line":20,"column":0},"end":{"line":20,"column":25}},"20":{"start":{"line":21,"column":0},"end":{"line":21,"column":35}},"21":{"start":{"line":22,"column":0},"end":{"line":22,"column":9}},"23":{"start":{"line":24,"column":0},"end":{"line":24,"column":12}},"24":{"start":{"line":25,"column":0},"end":{"line":25,"column":23}},"25":{"start":{"line":26,"column":0},"end":{"line":26,"column":10}},"26":{"start":{"line":27,"column":0},"end":{"line":27,"column":30}},"27":{"start":{"line":28,"column":0},"end":{"line":28,"column":37}},"28":{"start":{"line":29,"column":0},"end":{"line":29,"column":25}},"29":{"start":{"line":30,"column":0},"end":{"line":30,"column":35}},"30":{"start":{"line":31,"column":0},"end":{"line":31,"column":9}},"32":{"start":{"line":33,"column":0},"end":{"line":33,"column":12}},"33":{"start":{"line":34,"column":0},"end":{"line":34,"column":23}},"34":{"start":{"line":35,"column":0},"end":{"line":35,"column":10}},"35":{"start":{"line":36,"column":0},"end":{"line":36,"column":30}},"36":{"start":{"line":37,"column":0},"end":{"line":37,"column":45}},"37":{"start":{"line":38,"column":0},"end":{"line":38,"column":25}},"38":{"start":{"line":39,"column":0},"end":{"line":39,"column":35}},"39":{"start":{"line":40,"column":0},"end":{"line":40,"column":9}},"41":{"start":{"line":42,"column":0},"end":{"line":42,"column":12}},"42":{"start":{"line":43,"column":0},"end":{"line":43,"column":23}},"43":{"start":{"line":44,"column":0},"end":{"line":44,"column":10}},"44":{"start":{"line":45,"column":0},"end":{"line":45,"column":30}},"45":{"start":{"line":46,"column":0},"end":{"line":46,"column":43}},"46":{"start":{"line":47,"column":0},"end":{"line":47,"column":25}},"47":{"start":{"line":48,"column":0},"end":{"line":48,"column":35}},"48":{"start":{"line":49,"column":0},"end":{"line":49,"column":9}},"50":{"start":{"line":51,"column":0},"end":{"line":51,"column":12}},"51":{"start":{"line":52,"column":0},"end":{"line":52,"column":27}},"52":{"start":{"line":53,"column":0},"end":{"line":53,"column":10}},"53":{"start":{"line":54,"column":0},"end":{"line":54,"column":30}},"54":{"start":{"line":55,"column":0},"end":{"line":55,"column":40}},"55":{"start":{"line":56,"column":0},"end":{"line":56,"column":25}},"56":{"start":{"line":57,"column":0},"end":{"line":57,"column":35}},"57":{"start":{"line":58,"column":0},"end":{"line":58,"column":9}},"59":{"start":{"line":60,"column":0},"end":{"line":60,"column":12}},"60":{"start":{"line":61,"column":0},"end":{"line":61,"column":13}},"61":{"start":{"line":62,"column":0},"end":{"line":62,"column":13}},"62":{"start":{"line":63,"column":0},"end":{"line":63,"column":8}}},"s":{"0":1,"1":1,"2":1,"3":1,"5":1,"6":5,"7":5,"8":5,"9":5,"10":5,"11":5,"12":5,"13":5,"14":5,"15":5,"16":5,"17":5,"18":5,"19":5,"20":5,"21":5,"23":5,"24":5,"25":5,"26":5,"27":5,"28":5,"29":5,"30":5,"32":5,"33":5,"34":5,"35":5,"36":5,"37":5,"38":5,"39":5,"41":5,"42":5,"43":5,"44":5,"45":5,"46":5,"47":5,"48":5,"50":5,"51":5,"52":5,"53":5,"54":5,"55":5,"56":5,"57":5,"59":5,"60":5,"61":5,"62":5},"branchMap":{"0":{"type":"branch","line":6,"loc":{"start":{"line":6,"column":19},"end":{"line":63,"column":8}},"locations":[{"start":{"line":6,"column":19},"end":{"line":63,"column":8}}]}},"b":{"0":[5]},"fnMap":{"0":{"name":"App","decl":{"start":{"line":6,"column":19},"end":{"line":63,"column":8}},"loc":{"start":{"line":6,"column":19},"end":{"line":63,"column":8}},"line":6}},"f":{"0":5}}
,"C:\\Users\\User\\Documents\\workroom\\my-app\\my-app\\src\\main.tsx": {"path":"C:\\Users\\User\\Documents\\workroom\\my-app\\my-app\\src\\main.tsx","all":true,"statementMap":{"0":{"start":{"line":1,"column":0},"end":{"line":1,"column":34}},"1":{"start":{"line":2,"column":0},"end":{"line":2,"column":45}},"2":{"start":{"line":3,"column":0},"end":{"line":3,"column":38}},"3":{"start":{"line":4,"column":0},"end":{"line":4,"column":27}},"4":{"start":{"line":5,"column":0},"end":{"line":5,"column":35}},"5":{"start":{"line":6,"column":0},"end":{"line":6,"column":20}},"7":{"start":{"line":8,"column":0},"end":{"line":8,"column":49}},"9":{"start":{"line":10,"column":0},"end":{"line":10,"column":16}},"10":{"start":{"line":11,"column":0},"end":{"line":11,"column":36}},"12":{"start":{"line":13,"column":0},"end":{"line":13,"column":14}},"13":{"start":{"line":14,"column":0},"end":{"line":14,"column":16}},"14":{"start":{"line":15,"column":0},"end":{"line":15,"column":30}},"15":{"start":{"line":16,"column":0},"end":{"line":16,"column":15}},"16":{"start":{"line":17,"column":0},"end":{"line":17,"column":17}},"17":{"start":{"line":18,"column":0},"end":{"line":18,"column":18}},"18":{"start":{"line":19,"column":0},"end":{"line":19,"column":3}},"19":{"start":{"line":20,"column":0},"end":{"line":20,"column":8}},"20":{"start":{"line":21,"column":0},"end":{"line":21,"column":18}},"21":{"start":{"line":22,"column":0},"end":{"line":22,"column":148}},"22":{"start":{"line":23,"column":0},"end":{"line":23,"column":3}},"23":{"start":{"line":24,"column":0},"end":{"line":24,"column":1}}},"s":{"0":0,"1":0,"2":0,"3":0,"4":0,"5":0,"7":0,"9":0,"10":0,"12":0,"13":0,"14":0,"15":0,"16":0,"17":0,"18":0,"19":0,"20":0,"21":0,"22":0,"23":0},"branchMap":{"0":{"type":"branch","line":1,"loc":{"start":{"line":1,"column":383},"end":{"line":24,"column":-430}},"locations":[{"start":{"line":1,"column":383},"end":{"line":24,"column":-430}}]}},"b":{"0":[0]},"fnMap":{"0":{"name":"(empty-report)","decl":{"start":{"line":1,"column":383},"end":{"line":24,"column":-430}},"loc":{"start":{"line":1,"column":383},"end":{"line":24,"column":-430}},"line":1}},"f":{"0":0}}
,"C:\\Users\\User\\Documents\\workroom\\my-app\\my-app\\src\\setupTests.ts": {"path":"C:\\Users\\User\\Documents\\workroom\\my-app\\my-app\\src\\setupTests.ts","all":true,"statementMap":{"0":{"start":{"line":1,"column":0},"end":{"line":1,"column":41}}},"s":{"0":0},"branchMap":{"0":{"type":"branch","line":1,"loc":{"start":{"line":1,"column":0},"end":{"line":1,"column":41}},"locations":[{"start":{"line":1,"column":0},"end":{"line":1,"column":41}}]}},"b":{"0":[0]},"fnMap":{"0":{"name":"(empty-report)","decl":{"start":{"line":1,"column":0},"end":{"line":1,"column":41}},"loc":{"start":{"line":1,"column":0},"end":{"line":1,"column":41}},"line":1}},"f":{"0":0}}
,"C:\\Users\\User\\Documents\\workroom\\my-app\\my-app\\src\\app\\createAppSlice.ts": {"path":"C:\\Users\\User\\Documents\\workroom\\my-app\\my-app\\src\\app\\createAppSlice.ts","all":false,"statementMap":{"0":{"start":{"line":1,"column":0},"end":{"line":1,"column":70}},"3":{"start":{"line":4,"column":0},"end":{"line":4,"column":48}},"4":{"start":{"line":5,"column":0},"end":{"line":5,"column":46}},"5":{"start":{"line":6,"column":0},"end":{"line":6,"column":2}}},"s":{"0":1,"3":1,"4":1,"5":1},"branchMap":{},"b":{},"fnMap":{},"f":{}}
,"C:\\Users\\User\\Documents\\workroom\\my-app\\my-app\\src\\app\\hooks.ts": {"path":"C:\\Users\\User\\Documents\\workroom\\my-app\\my-app\\src\\app\\hooks.ts","all":false,"statementMap":{"6":{"start":{"line":7,"column":0},"end":{"line":7,"column":54}},"10":{"start":{"line":11,"column":0},"end":{"line":11,"column":66}},"11":{"start":{"line":12,"column":0},"end":{"line":12,"column":64}}},"s":{"6":1,"10":1,"11":1},"branchMap":{},"b":{},"fnMap":{},"f":{}}
,"C:\\Users\\User\\Documents\\workroom\\my-app\\my-app\\src\\app\\store.ts": {"path":"C:\\Users\\User\\Documents\\workroom\\my-app\\my-app\\src\\app\\store.ts","all":false,"statementMap":{"1":{"start":{"line":2,"column":0},"end":{"line":2,"column":64}},"2":{"start":{"line":3,"column":0},"end":{"line":3,"column":55}},"3":{"start":{"line":4,"column":0},"end":{"line":4,"column":63}},"4":{"start":{"line":5,"column":0},"end":{"line":5,"column":66}},"8":{"start":{"line":9,"column":0},"end":{"line":9,"column":63}},"14":{"start":{"line":15,"column":0},"end":{"line":15,"column":67}},"15":{"start":{"line":16,"column":0},"end":{"line":16,"column":32}},"16":{"start":{"line":17,"column":0},"end":{"line":17,"column":25}},"19":{"start":{"line":20,"column":0},"end":{"line":20,"column":41}},"20":{"start":{"line":21,"column":0},"end":{"line":21,"column":69}},"21":{"start":{"line":22,"column":0},"end":{"line":22,"column":6}},"22":{"start":{"line":23,"column":0},"end":{"line":23,"column":19}},"23":{"start":{"line":24,"column":0},"end":{"line":24,"column":4}},"26":{"start":{"line":27,"column":0},"end":{"line":27,"column":32}},"27":{"start":{"line":28,"column":0},"end":{"line":28,"column":14}},"28":{"start":{"line":29,"column":0},"end":{"line":29,"column":1}},"30":{"start":{"line":31,"column":0},"end":{"line":31,"column":32}}},"s":{"1":1,"2":1,"3":1,"4":1,"8":1,"14":1,"15":11,"16":11,"19":11,"20":11,"21":11,"22":11,"23":11,"26":11,"27":11,"28":11,"30":1},"branchMap":{"0":{"type":"branch","line":15,"loc":{"start":{"line":15,"column":25},"end":{"line":29,"column":1}},"locations":[{"start":{"line":15,"column":25},"end":{"line":29,"column":1}}]},"1":{"type":"branch","line":20,"loc":{"start":{"line":20,"column":16},"end":{"line":22,"column":6}},"locations":[{"start":{"line":20,"column":16},"end":{"line":22,"column":6}}]}},"b":{"0":[11],"1":[11]},"fnMap":{"0":{"name":"makeStore","decl":{"start":{"line":15,"column":25},"end":{"line":29,"column":1}},"loc":{"start":{"line":15,"column":25},"end":{"line":29,"column":1}},"line":15},"1":{"name":"middleware","decl":{"start":{"line":20,"column":16},"end":{"line":22,"column":6}},"loc":{"start":{"line":20,"column":16},"end":{"line":22,"column":6}},"line":20}},"f":{"0":11,"1":11}}
,"C:\\Users\\User\\Documents\\workroom\\my-app\\my-app\\src\\features\\counter\\Counter.tsx": {"path":"C:\\Users\\User\\Documents\\workroom\\my-app\\my-app\\src\\features\\counter\\Counter.tsx","all":false,"statementMap":{"1":{"start":{"line":2,"column":0},"end":{"line":2,"column":32}},"2":{"start":{"line":3,"column":0},"end":{"line":3,"column":64}},"3":{"start":{"line":4,"column":0},"end":{"line":4,"column":41}},"4":{"start":{"line":5,"column":0},"end":{"line":5,"column":8}},"14":{"start":{"line":15,"column":0},"end":{"line":15,"column":43}},"15":{"start":{"line":16,"column":0},"end":{"line":16,"column":35}},"16":{"start":{"line":17,"column":0},"end":{"line":17,"column":43}},"17":{"start":{"line":18,"column":0},"end":{"line":18,"column":45}},"18":{"start":{"line":19,"column":0},"end":{"line":19,"column":61}},"20":{"start":{"line":21,"column":0},"end":{"line":21,"column":53}},"22":{"start":{"line":23,"column":0},"end":{"line":23,"column":10}},"23":{"start":{"line":24,"column":0},"end":{"line":24,"column":9}},"24":{"start":{"line":25,"column":0},"end":{"line":25,"column":34}},"25":{"start":{"line":26,"column":0},"end":{"line":26,"column":15}},"26":{"start":{"line":27,"column":0},"end":{"line":27,"column":35}},"27":{"start":{"line":28,"column":0},"end":{"line":28,"column":38}},"28":{"start":{"line":29,"column":0},"end":{"line":29,"column":47}},"29":{"start":{"line":30,"column":0},"end":{"line":30,"column":9}},"31":{"start":{"line":32,"column":0},"end":{"line":32,"column":17}},"32":{"start":{"line":33,"column":0},"end":{"line":33,"column":59}},"33":{"start":{"line":34,"column":0},"end":{"line":34,"column":17}},"34":{"start":{"line":35,"column":0},"end":{"line":35,"column":16}},"35":{"start":{"line":36,"column":0},"end":{"line":36,"column":15}},"36":{"start":{"line":37,"column":0},"end":{"line":37,"column":35}},"37":{"start":{"line":38,"column":0},"end":{"line":38,"column":38}},"38":{"start":{"line":39,"column":0},"end":{"line":39,"column":47}},"39":{"start":{"line":40,"column":0},"end":{"line":40,"column":9}},"41":{"start":{"line":42,"column":0},"end":{"line":42,"column":17}},"42":{"start":{"line":43,"column":0},"end":{"line":43,"column":12}},"43":{"start":{"line":44,"column":0},"end":{"line":44,"column":34}},"44":{"start":{"line":45,"column":0},"end":{"line":45,"column":14}},"45":{"start":{"line":46,"column":0},"end":{"line":46,"column":36}},"46":{"start":{"line":47,"column":0},"end":{"line":47,"column":43}},"47":{"start":{"line":48,"column":0},"end":{"line":48,"column":33}},"48":{"start":{"line":49,"column":0},"end":{"line":49,"column":23}},"49":{"start":{"line":50,"column":0},"end":{"line":50,"column":26}},"50":{"start":{"line":51,"column":0},"end":{"line":51,"column":46}},"51":{"start":{"line":52,"column":0},"end":{"line":52,"column":12}},"52":{"start":{"line":53,"column":0},"end":{"line":53,"column":10}},"53":{"start":{"line":54,"column":0},"end":{"line":54,"column":15}},"54":{"start":{"line":55,"column":0},"end":{"line":55,"column":35}},"55":{"start":{"line":56,"column":0},"end":{"line":56,"column":69}},"56":{"start":{"line":57,"column":0},"end":{"line":57,"column":9}},"58":{"start":{"line":59,"column":0},"end":{"line":59,"column":17}},"59":{"start":{"line":60,"column":0},"end":{"line":60,"column":15}},"60":{"start":{"line":61,"column":0},"end":{"line":61,"column":40}},"61":{"start":{"line":62,"column":0},"end":{"line":62,"column":38}},"62":{"start":{"line":63,"column":0},"end":{"line":63,"column":26}},"63":{"start":{"line":64,"column":0},"end":{"line":64,"column":57}},"64":{"start":{"line":65,"column":0},"end":{"line":65,"column":12}},"65":{"start":{"line":66,"column":0},"end":{"line":66,"column":9}},"67":{"start":{"line":68,"column":0},"end":{"line":68,"column":17}},"68":{"start":{"line":69,"column":0},"end":{"line":69,"column":15}},"69":{"start":{"line":70,"column":0},"end":{"line":70,"column":35}},"70":{"start":{"line":71,"column":0},"end":{"line":71,"column":26}},"71":{"start":{"line":72,"column":0},"end":{"line":72,"column":52}},"72":{"start":{"line":73,"column":0},"end":{"line":73,"column":12}},"73":{"start":{"line":74,"column":0},"end":{"line":74,"column":9}},"75":{"start":{"line":76,"column":0},"end":{"line":76,"column":17}},"76":{"start":{"line":77,"column":0},"end":{"line":77,"column":12}},"77":{"start":{"line":78,"column":0},"end":{"line":78,"column":10}},"79":{"start":{"line":80,"column":0},"end":{"line":80,"column":1}}},"s":{"1":1,"2":1,"3":1,"4":1,"14":1,"15":31,"16":31,"17":31,"18":31,"20":31,"22":31,"23":31,"24":31,"25":31,"26":31,"27":31,"28":31,"29":31,"31":31,"32":31,"33":31,"34":31,"35":31,"36":31,"37":31,"38":31,"39":31,"41":31,"42":31,"43":31,"44":31,"45":31,"46":31,"47":31,"48":31,"49":31,"50":12,"51":12,"52":31,"53":31,"54":31,"55":31,"56":31,"58":31,"59":31,"60":31,"61":31,"62":31,"63":3,"64":3,"65":31,"67":31,"68":31,"69":31,"70":31,"71":4,"72":4,"73":31,"75":31,"76":31,"77":31,"79":31},"branchMap":{"0":{"type":"branch","line":15,"loc":{"start":{"line":15,"column":23},"end":{"line":80,"column":1}},"locations":[{"start":{"line":15,"column":23},"end":{"line":80,"column":1}}]},"1":{"type":"branch","line":21,"loc":{"start":{"line":21,"column":47},"end":{"line":21,"column":53}},"locations":[{"start":{"line":21,"column":47},"end":{"line":21,"column":53}}]},"2":{"type":"branch","line":29,"loc":{"start":{"line":29,"column":19},"end":{"line":29,"column":47}},"locations":[{"start":{"line":29,"column":19},"end":{"line":29,"column":47}}]},"3":{"type":"branch","line":39,"loc":{"start":{"line":39,"column":19},"end":{"line":39,"column":47}},"locations":[{"start":{"line":39,"column":19},"end":{"line":39,"column":47}}]},"4":{"type":"branch","line":50,"loc":{"start":{"line":50,"column":20},"end":{"line":52,"column":12}},"locations":[{"start":{"line":50,"column":20},"end":{"line":52,"column":12}}]},"5":{"type":"branch","line":56,"loc":{"start":{"line":56,"column":19},"end":{"line":56,"column":69}},"locations":[{"start":{"line":56,"column":19},"end":{"line":56,"column":69}}]},"6":{"type":"branch","line":63,"loc":{"start":{"line":63,"column":19},"end":{"line":65,"column":12}},"locations":[{"start":{"line":63,"column":19},"end":{"line":65,"column":12}}]},"7":{"type":"branch","line":71,"loc":{"start":{"line":71,"column":19},"end":{"line":73,"column":12}},"locations":[{"start":{"line":71,"column":19},"end":{"line":73,"column":12}}]}},"b":{"0":[31],"1":[6],"2":[1],"3":[2],"4":[12],"5":[3],"6":[3],"7":[4]},"fnMap":{"0":{"name":"Counter","decl":{"start":{"line":15,"column":23},"end":{"line":80,"column":1}},"loc":{"start":{"line":15,"column":23},"end":{"line":80,"column":1}},"line":15},"1":{"name":"onClick","decl":{"start":{"line":29,"column":19},"end":{"line":29,"column":47}},"loc":{"start":{"line":29,"column":19},"end":{"line":29,"column":47}},"line":29},"2":{"name":"onClick","decl":{"start":{"line":39,"column":19},"end":{"line":39,"column":47}},"loc":{"start":{"line":39,"column":19},"end":{"line":39,"column":47}},"line":39},"3":{"name":"onChange","decl":{"start":{"line":50,"column":20},"end":{"line":52,"column":12}},"loc":{"start":{"line":50,"column":20},"end":{"line":52,"column":12}},"line":50},"4":{"name":"onClick","decl":{"start":{"line":56,"column":19},"end":{"line":56,"column":69}},"loc":{"start":{"line":56,"column":19},"end":{"line":56,"column":69}},"line":56},"5":{"name":"onClick","decl":{"start":{"line":63,"column":19},"end":{"line":65,"column":12}},"loc":{"start":{"line":63,"column":19},"end":{"line":65,"column":12}},"line":63},"6":{"name":"onClick","decl":{"start":{"line":71,"column":19},"end":{"line":73,"column":12}},"loc":{"start":{"line":71,"column":19},"end":{"line":73,"column":12}},"line":71}},"f":{"0":31,"1":1,"2":2,"3":12,"4":3,"5":3,"6":4}}
,"C:\\Users\\User\\Documents\\workroom\\my-app\\my-app\\src\\features\\counter\\counterAPI.ts": {"path":"C:\\Users\\User\\Documents\\workroom\\my-app\\my-app\\src\\features\\counter\\counterAPI.ts","all":false,"statementMap":{"1":{"start":{"line":2,"column":0},"end":{"line":2,"column":68}},"2":{"start":{"line":3,"column":0},"end":{"line":3,"column":42}},"3":{"start":{"line":4,"column":0},"end":{"line":4,"column":22}},"4":{"start":{"line":5,"column":0},"end":{"line":5,"column":31}},"5":{"start":{"line":6,"column":0},"end":{"line":6,"column":12}},"6":{"start":{"line":7,"column":0},"end":{"line":7,"column":3}}},"s":{"1":1,"2":3,"3":3,"4":3,"5":3,"6":3},"branchMap":{"0":{"type":"branch","line":2,"loc":{"start":{"line":2,"column":26},"end":{"line":7,"column":3}},"locations":[{"start":{"line":2,"column":26},"end":{"line":7,"column":3}}]},"1":{"type":"branch","line":3,"loc":{"start":{"line":3,"column":32},"end":{"line":6,"column":12}},"locations":[{"start":{"line":3,"column":32},"end":{"line":6,"column":12}}]},"2":{"type":"branch","line":4,"loc":{"start":{"line":4,"column":15},"end":{"line":6,"column":7}},"locations":[{"start":{"line":4,"column":15},"end":{"line":6,"column":7}}]}},"b":{"0":[3],"1":[3],"2":[3]},"fnMap":{"0":{"name":"fetchCount","decl":{"start":{"line":2,"column":26},"end":{"line":7,"column":3}},"loc":{"start":{"line":2,"column":26},"end":{"line":7,"column":3}},"line":2}},"f":{"0":3}}
,"C:\\Users\\User\\Documents\\workroom\\my-app\\my-app\\src\\features\\counter\\counterSlice.ts": {"path":"C:\\Users\\User\\Documents\\workroom\\my-app\\my-app\\src\\features\\counter\\counterSlice.ts","all":false,"statementMap":{"1":{"start":{"line":2,"column":0},"end":{"line":2,"column":57}},"3":{"start":{"line":4,"column":0},"end":{"line":4,"column":41}},"10":{"start":{"line":11,"column":0},"end":{"line":11,"column":41}},"11":{"start":{"line":12,"column":0},"end":{"line":12,"column":11}},"12":{"start":{"line":13,"column":0},"end":{"line":13,"column":17}},"13":{"start":{"line":14,"column":0},"end":{"line":14,"column":1}},"16":{"start":{"line":17,"column":0},"end":{"line":17,"column":44}},"17":{"start":{"line":18,"column":0},"end":{"line":18,"column":18}},"19":{"start":{"line":20,"column":0},"end":{"line":20,"column":15}},"21":{"start":{"line":22,"column":0},"end":{"line":22,"column":24}},"22":{"start":{"line":23,"column":0},"end":{"line":23,"column":40}},"27":{"start":{"line":28,"column":0},"end":{"line":28,"column":22}},"28":{"start":{"line":29,"column":0},"end":{"line":29,"column":7}},"29":{"start":{"line":30,"column":0},"end":{"line":30,"column":40}},"30":{"start":{"line":31,"column":0},"end":{"line":31,"column":22}},"31":{"start":{"line":32,"column":0},"end":{"line":32,"column":7}},"33":{"start":{"line":34,"column":0},"end":{"line":34,"column":38}},"34":{"start":{"line":35,"column":0},"end":{"line":35,"column":49}},"35":{"start":{"line":36,"column":0},"end":{"line":36,"column":37}},"36":{"start":{"line":37,"column":0},"end":{"line":37,"column":8}},"37":{"start":{"line":38,"column":0},"end":{"line":38,"column":6}},"43":{"start":{"line":44,"column":0},"end":{"line":44,"column":38}},"44":{"start":{"line":45,"column":0},"end":{"line":45,"column":33}},"45":{"start":{"line":46,"column":0},"end":{"line":46,"column":49}},"47":{"start":{"line":48,"column":0},"end":{"line":48,"column":28}},"48":{"start":{"line":49,"column":0},"end":{"line":49,"column":8}},"49":{"start":{"line":50,"column":0},"end":{"line":50,"column":7}},"50":{"start":{"line":51,"column":0},"end":{"line":51,"column":27}},"51":{"start":{"line":52,"column":0},"end":{"line":52,"column":34}},"52":{"start":{"line":53,"column":0},"end":{"line":53,"column":10}},"53":{"start":{"line":54,"column":0},"end":{"line":54,"column":39}},"54":{"start":{"line":55,"column":0},"end":{"line":55,"column":31}},"55":{"start":{"line":56,"column":0},"end":{"line":56,"column":39}},"56":{"start":{"line":57,"column":0},"end":{"line":57,"column":10}},"57":{"start":{"line":58,"column":0},"end":{"line":58,"column":28}},"58":{"start":{"line":59,"column":0},"end":{"line":59,"column":33}},"59":{"start":{"line":60,"column":0},"end":{"line":60,"column":10}},"60":{"start":{"line":61,"column":0},"end":{"line":61,"column":8}},"61":{"start":{"line":62,"column":0},"end":{"line":62,"column":6}},"62":{"start":{"line":63,"column":0},"end":{"line":63,"column":5}},"65":{"start":{"line":66,"column":0},"end":{"line":66,"column":14}},"66":{"start":{"line":67,"column":0},"end":{"line":67,"column":42}},"67":{"start":{"line":68,"column":0},"end":{"line":68,"column":44}},"68":{"start":{"line":69,"column":0},"end":{"line":69,"column":4}},"69":{"start":{"line":70,"column":0},"end":{"line":70,"column":2}},"72":{"start":{"line":73,"column":0},"end":{"line":73,"column":74}},"73":{"start":{"line":74,"column":0},"end":{"line":74,"column":22}},"76":{"start":{"line":77,"column":0},"end":{"line":77,"column":67}},"80":{"start":{"line":81,"column":0},"end":{"line":81,"column":29}},"81":{"start":{"line":82,"column":0},"end":{"line":82,"column":31}},"82":{"start":{"line":83,"column":0},"end":{"line":83,"column":27}},"83":{"start":{"line":84,"column":0},"end":{"line":84,"column":48}},"85":{"start":{"line":86,"column":0},"end":{"line":86,"column":60}},"86":{"start":{"line":87,"column":0},"end":{"line":87,"column":41}},"87":{"start":{"line":88,"column":0},"end":{"line":88,"column":5}},"88":{"start":{"line":89,"column":0},"end":{"line":89,"column":3}}},"s":{"1":1,"3":1,"10":1,"11":1,"12":1,"13":1,"16":1,"17":1,"19":1,"21":1,"22":2,"27":3,"28":2,"29":2,"30":2,"31":2,"33":2,"34":2,"35":6,"36":6,"37":2,"43":2,"44":2,"45":3,"47":3,"48":3,"49":2,"50":2,"51":3,"52":3,"53":2,"54":3,"55":3,"56":3,"57":2,"58":0,"59":0,"60":2,"61":2,"62":2,"65":1,"66":1,"67":1,"68":1,"69":1,"72":1,"73":1,"76":1,"80":1,"81":1,"82":4,"83":4,"85":4,"86":2,"87":2,"88":4},"branchMap":{"0":{"type":"branch","line":22,"loc":{"start":{"line":22,"column":12},"end":{"line":63,"column":5}},"locations":[{"start":{"line":22,"column":12},"end":{"line":63,"column":5}}]},"1":{"type":"branch","line":23,"loc":{"start":{"line":23,"column":30},"end":{"line":29,"column":5}},"locations":[{"start":{"line":23,"column":30},"end":{"line":29,"column":5}}]},"2":{"type":"branch","line":30,"loc":{"start":{"line":30,"column":30},"end":{"line":32,"column":5}},"locations":[{"start":{"line":30,"column":30},"end":{"line":32,"column":5}}]},"3":{"type":"branch","line":35,"loc":{"start":{"line":35,"column":6},"end":{"line":37,"column":8}},"locations":[{"start":{"line":35,"column":6},"end":{"line":37,"column":8}}]},"4":{"type":"branch","line":45,"loc":{"start":{"line":45,"column":6},"end":{"line":49,"column":8}},"locations":[{"start":{"line":45,"column":6},"end":{"line":49,"column":8}}]},"5":{"type":"branch","line":51,"loc":{"start":{"line":51,"column":17},"end":{"line":53,"column":10}},"locations":[{"start":{"line":51,"column":17},"end":{"line":53,"column":10}}]},"6":{"type":"branch","line":54,"loc":{"start":{"line":54,"column":19},"end":{"line":57,"column":10}},"locations":[{"start":{"line":54,"column":19},"end":{"line":57,"column":10}}]},"7":{"type":"branch","line":67,"loc":{"start":{"line":67,"column":17},"end":{"line":67,"column":42}},"locations":[{"start":{"line":67,"column":17},"end":{"line":67,"column":42}}]},"8":{"type":"branch","line":68,"loc":{"start":{"line":68,"column":18},"end":{"line":68,"column":44}},"locations":[{"start":{"line":68,"column":18},"end":{"line":68,"column":44}}]},"9":{"type":"branch","line":82,"loc":{"start":{"line":82,"column":2},"end":{"line":89,"column":3}},"locations":[{"start":{"line":82,"column":2},"end":{"line":89,"column":3}}]},"10":{"type":"branch","line":83,"loc":{"start":{"line":83,"column":2},"end":{"line":89,"column":3}},"locations":[{"start":{"line":83,"column":2},"end":{"line":89,"column":3}}]},"11":{"type":"branch","line":86,"loc":{"start":{"line":86,"column":29},"end":{"line":86,"column":59}},"locations":[{"start":{"line":86,"column":29},"end":{"line":86,"column":59}}]},"12":{"type":"branch","line":86,"loc":{"start":{"line":86,"column":59},"end":{"line":88,"column":5}},"locations":[{"start":{"line":86,"column":59},"end":{"line":88,"column":5}}]}},"b":{"0":[2],"1":[3],"2":[2],"3":[6],"4":[3],"5":[3],"6":[3],"7":[45],"8":[35],"9":[4],"10":[4],"11":[2],"12":[2]},"fnMap":{"0":{"name":"reducers","decl":{"start":{"line":22,"column":12},"end":{"line":63,"column":5}},"loc":{"start":{"line":22,"column":12},"end":{"line":63,"column":5}},"line":22},"1":{"name":"incrementAsync.create.asyncThunk.pending.state.status","decl":{"start":{"line":45,"column":6},"end":{"line":49,"column":8}},"loc":{"start":{"line":45,"column":6},"end":{"line":49,"column":8}},"line":45},"2":{"name":"pending","decl":{"start":{"line":51,"column":17},"end":{"line":53,"column":10}},"loc":{"start":{"line":51,"column":17},"end":{"line":53,"column":10}},"line":51},"3":{"name":"fulfilled","decl":{"start":{"line":54,"column":19},"end":{"line":57,"column":10}},"loc":{"start":{"line":54,"column":19},"end":{"line":57,"column":10}},"line":54},"4":{"name":"rejected","decl":{"start":{"line":58,"column":18},"end":{"line":60,"column":10}},"loc":{"start":{"line":58,"column":18},"end":{"line":60,"column":10}},"line":58},"5":{"name":"selectCount","decl":{"start":{"line":67,"column":17},"end":{"line":67,"column":42}},"loc":{"start":{"line":67,"column":17},"end":{"line":67,"column":42}},"line":67},"6":{"name":"selectStatus","decl":{"start":{"line":68,"column":18},"end":{"line":68,"column":44}},"loc":{"start":{"line":68,"column":18},"end":{"line":68,"column":44}},"line":68},"7":{"name":"incrementIfOdd","decl":{"start":{"line":82,"column":2},"end":{"line":89,"column":3}},"loc":{"start":{"line":82,"column":2},"end":{"line":89,"column":3}},"line":82}},"f":{"0":2,"1":3,"2":3,"3":3,"4":0,"5":45,"6":35,"7":4}}
,"C:\\Users\\User\\Documents\\workroom\\my-app\\my-app\\src\\features\\quotes\\Quotes.tsx": {"path":"C:\\Users\\User\\Documents\\workroom\\my-app\\my-app\\src\\features\\quotes\\Quotes.tsx","all":false,"statementMap":{"1":{"start":{"line":2,"column":0},"end":{"line":2,"column":32}},"2":{"start":{"line":3,"column":0},"end":{"line":3,"column":40}},"3":{"start":{"line":4,"column":0},"end":{"line":4,"column":52}},"5":{"start":{"line":6,"column":0},"end":{"line":6,"column":31}},"7":{"start":{"line":8,"column":0},"end":{"line":8,"column":49}},"8":{"start":{"line":9,"column":0},"end":{"line":9,"column":58}},"10":{"start":{"line":11,"column":0},"end":{"line":11,"column":49}},"11":{"start":{"line":12,"column":0},"end":{"line":12,"column":37}},"13":{"start":{"line":14,"column":0},"end":{"line":14,"column":16}},"14":{"start":{"line":15,"column":0},"end":{"line":15,"column":12}},"15":{"start":{"line":16,"column":0},"end":{"line":16,"column":11}},"16":{"start":{"line":17,"column":0},"end":{"line":17,"column":38}},"17":{"start":{"line":18,"column":0},"end":{"line":18,"column":12}},"19":{"start":{"line":20,"column":0},"end":{"line":20,"column":3}},"21":{"start":{"line":22,"column":0},"end":{"line":22,"column":18}},"22":{"start":{"line":23,"column":0},"end":{"line":23,"column":12}},"23":{"start":{"line":24,"column":0},"end":{"line":24,"column":11}},"24":{"start":{"line":25,"column":0},"end":{"line":25,"column":27}},"25":{"start":{"line":26,"column":0},"end":{"line":26,"column":12}},"27":{"start":{"line":28,"column":0},"end":{"line":28,"column":3}},"29":{"start":{"line":30,"column":0},"end":{"line":30,"column":18}},"30":{"start":{"line":31,"column":0},"end":{"line":31,"column":12}},"31":{"start":{"line":32,"column":0},"end":{"line":32,"column":40}},"32":{"start":{"line":33,"column":0},"end":{"line":33,"column":56}},"33":{"start":{"line":34,"column":0},"end":{"line":34,"column":15}},"34":{"start":{"line":35,"column":0},"end":{"line":35,"column":35}},"35":{"start":{"line":36,"column":0},"end":{"line":36,"column":32}},"36":{"start":{"line":37,"column":0},"end":{"line":37,"column":26}},"37":{"start":{"line":38,"column":0},"end":{"line":38,"column":53}},"38":{"start":{"line":39,"column":0},"end":{"line":39,"column":12}},"40":{"start":{"line":41,"column":0},"end":{"line":41,"column":34}},"41":{"start":{"line":42,"column":0},"end":{"line":42,"column":48}},"42":{"start":{"line":43,"column":0},"end":{"line":43,"column":22}},"43":{"start":{"line":44,"column":0},"end":{"line":44,"column":21}},"44":{"start":{"line":45,"column":0},"end":{"line":45,"column":13}},"45":{"start":{"line":46,"column":0},"end":{"line":46,"column":17}},"46":{"start":{"line":47,"column":0},"end":{"line":47,"column":53}},"47":{"start":{"line":48,"column":0},"end":{"line":48,"column":31}},"48":{"start":{"line":49,"column":0},"end":{"line":49,"column":33}},"49":{"start":{"line":50,"column":0},"end":{"line":50,"column":20}},"50":{"start":{"line":51,"column":0},"end":{"line":51,"column":35}},"51":{"start":{"line":52,"column":0},"end":{"line":52,"column":21}},"52":{"start":{"line":53,"column":0},"end":{"line":53,"column":23}},"53":{"start":{"line":54,"column":0},"end":{"line":54,"column":11}},"54":{"start":{"line":55,"column":0},"end":{"line":55,"column":12}},"56":{"start":{"line":57,"column":0},"end":{"line":57,"column":3}},"58":{"start":{"line":59,"column":0},"end":{"line":59,"column":13}},"59":{"start":{"line":60,"column":0},"end":{"line":60,"column":1}}},"s":{"1":1,"2":1,"3":1,"5":1,"7":1,"8":12,"10":12,"11":12,"13":12,"14":0,"15":0,"16":0,"17":0,"19":0,"21":12,"22":10,"23":10,"24":10,"25":10,"27":10,"29":2,"30":2,"31":2,"32":2,"33":2,"34":2,"35":2,"36":2,"37":0,"38":0,"40":2,"41":8,"42":8,"43":8,"44":2,"45":2,"46":2,"47":20,"48":20,"49":20,"50":20,"51":20,"52":20,"53":2,"54":2,"56":2,"58":0,"59":0},"branchMap":{"0":{"type":"branch","line":8,"loc":{"start":{"line":8,"column":22},"end":{"line":60,"column":1}},"locations":[{"start":{"line":8,"column":22},"end":{"line":60,"column":1}}]},"1":{"type":"branch","line":14,"loc":{"start":{"line":14,"column":15},"end":{"line":20,"column":3}},"locations":[{"start":{"line":14,"column":15},"end":{"line":20,"column":3}}]},"2":{"type":"branch","line":22,"loc":{"start":{"line":22,"column":17},"end":{"line":28,"column":3}},"locations":[{"start":{"line":22,"column":17},"end":{"line":28,"column":3}}]},"3":{"type":"branch","line":28,"loc":{"start":{"line":28,"column":2},"end":{"line":57,"column":3}},"locations":[{"start":{"line":28,"column":2},"end":{"line":57,"column":3}}]},"4":{"type":"branch","line":57,"loc":{"start":{"line":57,"column":2},"end":{"line":60,"column":1}},"locations":[{"start":{"line":57,"column":2},"end":{"line":60,"column":1}}]},"5":{"type":"branch","line":41,"loc":{"start":{"line":41,"column":23},"end":{"line":44,"column":21}},"locations":[{"start":{"line":41,"column":23},"end":{"line":44,"column":21}}]},"6":{"type":"branch","line":47,"loc":{"start":{"line":47,"column":25},"end":{"line":53,"column":23}},"locations":[{"start":{"line":47,"column":25},"end":{"line":53,"column":23}}]}},"b":{"0":[12],"1":[0],"2":[10],"3":[2],"4":[0],"5":[8],"6":[20]},"fnMap":{"0":{"name":"Quotes","decl":{"start":{"line":8,"column":22},"end":{"line":60,"column":1}},"loc":{"start":{"line":8,"column":22},"end":{"line":60,"column":1}},"line":8},"1":{"name":"onChange","decl":{"start":{"line":37,"column":20},"end":{"line":39,"column":12}},"loc":{"start":{"line":37,"column":20},"end":{"line":39,"column":12}},"line":37}},"f":{"0":12,"1":0}}
,"C:\\Users\\User\\Documents\\workroom\\my-app\\my-app\\src\\features\\quotes\\quotesApiSlice.ts": {"path":"C:\\Users\\User\\Documents\\workroom\\my-app\\my-app\\src\\features\\quotes\\quotesApiSlice.ts","all":false,"statementMap":{"1":{"start":{"line":2,"column":0},"end":{"line":2,"column":72}},"17":{"start":{"line":18,"column":0},"end":{"line":18,"column":41}},"18":{"start":{"line":19,"column":0},"end":{"line":19,"column":73}},"19":{"start":{"line":20,"column":0},"end":{"line":20,"column":27}},"21":{"start":{"line":22,"column":0},"end":{"line":22,"column":23}},"22":{"start":{"line":23,"column":0},"end":{"line":23,"column":24}},"26":{"start":{"line":27,"column":0},"end":{"line":27,"column":55}},"27":{"start":{"line":28,"column":0},"end":{"line":28,"column":58}},"30":{"start":{"line":31,"column":0},"end":{"line":31,"column":70}},"31":{"start":{"line":32,"column":0},"end":{"line":32,"column":7}},"32":{"start":{"line":33,"column":0},"end":{"line":33,"column":5}},"33":{"start":{"line":34,"column":0},"end":{"line":34,"column":2}},"37":{"start":{"line":38,"column":0},"end":{"line":38,"column":51}}},"s":{"1":1,"17":1,"18":1,"19":1,"21":1,"22":1,"26":2,"27":2,"30":2,"31":2,"32":2,"33":1,"37":1},"branchMap":{"0":{"type":"branch","line":23,"loc":{"start":{"line":23,"column":13},"end":{"line":33,"column":5}},"locations":[{"start":{"line":23,"column":13},"end":{"line":33,"column":5}}]},"1":{"type":"branch","line":28,"loc":{"start":{"line":28,"column":13},"end":{"line":28,"column":58}},"locations":[{"start":{"line":28,"column":13},"end":{"line":28,"column":58}}]},"2":{"type":"branch","line":31,"loc":{"start":{"line":31,"column":20},"end":{"line":31,"column":70}},"locations":[{"start":{"line":31,"column":20},"end":{"line":31,"column":70}}]}},"b":{"0":[2],"1":[5],"2":[5]},"fnMap":{"0":{"name":"endpoints","decl":{"start":{"line":23,"column":13},"end":{"line":33,"column":5}},"loc":{"start":{"line":23,"column":13},"end":{"line":33,"column":5}},"line":23},"1":{"name":"query","decl":{"start":{"line":28,"column":13},"end":{"line":28,"column":58}},"loc":{"start":{"line":28,"column":13},"end":{"line":28,"column":58}},"line":28},"2":{"name":"providesTags","decl":{"start":{"line":31,"column":20},"end":{"line":31,"column":70}},"loc":{"start":{"line":31,"column":20},"end":{"line":31,"column":70}},"line":31}},"f":{"0":2,"1":5,"2":5}}
,"C:\\Users\\User\\Documents\\workroom\\my-app\\my-app\\src\\utils\\test-utils.tsx": {"path":"C:\\Users\\User\\Documents\\workroom\\my-app\\my-app\\src\\utils\\test-utils.tsx","all":false,"statementMap":{"1":{"start":{"line":2,"column":0},"end":{"line":2,"column":47}},"2":{"start":{"line":3,"column":0},"end":{"line":3,"column":51}},"4":{"start":{"line":5,"column":0},"end":{"line":5,"column":38}},"6":{"start":{"line":7,"column":0},"end":{"line":7,"column":40}},"43":{"start":{"line":44,"column":0},"end":{"line":44,"column":36}},"44":{"start":{"line":45,"column":0},"end":{"line":45,"column":19}},"45":{"start":{"line":46,"column":0},"end":{"line":46,"column":52}},"46":{"start":{"line":47,"column":0},"end":{"line":47,"column":6}},"47":{"start":{"line":48,"column":0},"end":{"line":48,"column":9}},"48":{"start":{"line":49,"column":0},"end":{"line":49,"column":24}},"50":{"start":{"line":51,"column":0},"end":{"line":51,"column":38}},"51":{"start":{"line":52,"column":0},"end":{"line":52,"column":20}},"52":{"start":{"line":53,"column":0},"end":{"line":53,"column":27}},"54":{"start":{"line":55,"column":0},"end":{"line":55,"column":56}},"55":{"start":{"line":56,"column":0},"end":{"line":56,"column":49}},"59":{"start":{"line":60,"column":0},"end":{"line":60,"column":10}},"60":{"start":{"line":61,"column":0},"end":{"line":61,"column":10}},"61":{"start":{"line":62,"column":0},"end":{"line":62,"column":28}},"62":{"start":{"line":63,"column":0},"end":{"line":63,"column":58}},"63":{"start":{"line":64,"column":0},"end":{"line":64,"column":3}},"64":{"start":{"line":65,"column":0},"end":{"line":65,"column":1}}},"s":{"1":1,"2":1,"4":1,"6":1,"43":1,"44":5,"45":5,"46":5,"47":5,"48":5,"50":5,"51":5,"52":5,"54":5,"55":5,"59":5,"60":5,"61":5,"62":5,"63":5,"64":5},"branchMap":{"0":{"type":"branch","line":44,"loc":{"start":{"line":44,"column":35},"end":{"line":65,"column":1}},"locations":[{"start":{"line":44,"column":35},"end":{"line":65,"column":1}}]},"1":{"type":"branch","line":55,"loc":{"start":{"line":55,"column":18},"end":{"line":56,"column":49}},"locations":[{"start":{"line":55,"column":18},"end":{"line":56,"column":49}}]}},"b":{"0":[5],"1":[5]},"fnMap":{"0":{"name":"renderWithProviders","decl":{"start":{"line":44,"column":35},"end":{"line":65,"column":1}},"loc":{"start":{"line":44,"column":35},"end":{"line":65,"column":1}},"line":44},"1":{"name":"Wrapper","decl":{"start":{"line":55,"column":18},"end":{"line":56,"column":49}},"loc":{"start":{"line":55,"column":18},"end":{"line":56,"column":49}},"line":55}},"f":{"0":5,"1":5}}
,"C:\\Users\\User\\Documents\\workroom\\my-app\\src\\App.tsx": {"path":"C:\\Users\\User\\Documents\\workroom\\my-app\\src\\App.tsx","all":true,"statementMap":{"0":{"start":{"line":1,"column":0},"end":{"line":1,"column":18}},"1":{"start":{"line":2,"column":0},"end":{"line":2,"column":48}},"3":{"start":{"line":4,"column":0},"end":{"line":4,"column":23}},"5":{"start":{"line":6,"column":0},"end":{"line":6,"column":10}},"6":{"start":{"line":7,"column":0},"end":{"line":7,"column":6}},"7":{"start":{"line":8,"column":0},"end":{"line":8,"column":28}},"8":{"start":{"line":9,"column":0},"end":{"line":9,"column":7}},"10":{"start":{"line":11,"column":0},"end":{"line":11,"column":1}}},"s":{"0":0,"1":0,"3":0,"5":0,"6":0,"7":0,"8":0,"10":0},"branchMap":{"0":{"type":"branch","line":1,"loc":{"start":{"line":1,"column":184},"end":{"line":11,"column":1}},"locations":[{"start":{"line":1,"column":184},"end":{"line":11,"column":1}}]}},"b":{"0":[0]},"fnMap":{"0":{"name":"(empty-report)","decl":{"start":{"line":1,"column":184},"end":{"line":11,"column":1}},"loc":{"start":{"line":1,"column":184},"end":{"line":11,"column":1}},"line":1}},"f":{"0":0}}
,"C:\\Users\\User\\Documents\\workroom\\my-app\\src\\main.tsx": {"path":"C:\\Users\\User\\Documents\\workroom\\my-app\\src\\main.tsx","all":true,"statementMap":{"0":{"start":{"line":1,"column":0},"end":{"line":1,"column":34}},"1":{"start":{"line":2,"column":0},"end":{"line":2,"column":45}},"2":{"start":{"line":3,"column":0},"end":{"line":3,"column":38}},"3":{"start":{"line":4,"column":0},"end":{"line":4,"column":33}},"4":{"start":{"line":5,"column":0},"end":{"line":5,"column":20}},"5":{"start":{"line":6,"column":0},"end":{"line":6,"column":31}},"6":{"start":{"line":7,"column":0},"end":{"line":7,"column":52}},"7":{"start":{"line":8,"column":0},"end":{"line":8,"column":14}},"8":{"start":{"line":9,"column":0},"end":{"line":9,"column":28}},"9":{"start":{"line":10,"column":0},"end":{"line":10,"column":13}},"10":{"start":{"line":11,"column":0},"end":{"line":11,"column":15}},"11":{"start":{"line":12,"column":0},"end":{"line":12,"column":15}},"12":{"start":{"line":13,"column":0},"end":{"line":13,"column":1}}},"s":{"0":0,"1":0,"2":0,"3":0,"4":0,"5":0,"6":0,"7":0,"8":0,"9":0,"10":0,"11":0,"12":0},"branchMap":{"0":{"type":"branch","line":1,"loc":{"start":{"line":1,"column":310},"end":{"line":13,"column":-231}},"locations":[{"start":{"line":1,"column":310},"end":{"line":13,"column":-231}}]}},"b":{"0":[0]},"fnMap":{"0":{"name":"(empty-report)","decl":{"start":{"line":1,"column":310},"end":{"line":13,"column":-231}},"loc":{"start":{"line":1,"column":310},"end":{"line":13,"column":-231}},"line":1}},"f":{"0":0}}
,"C:\\Users\\User\\Documents\\workroom\\my-app\\src\\reusalbleComponents\\FlexBox\\FlexBox.styles.ts": {"path":"C:\\Users\\User\\Documents\\workroom\\my-app\\src\\reusalbleComponents\\FlexBox\\FlexBox.styles.ts","all":false,"statementMap":{"0":{"start":{"line":1,"column":0},"end":{"line":1,"column":38}},"2":{"start":{"line":3,"column":0},"end":{"line":3,"column":37}},"9":{"start":{"line":10,"column":0},"end":{"line":10,"column":62}},"10":{"start":{"line":11,"column":0},"end":{"line":11,"column":71}},"11":{"start":{"line":12,"column":0},"end":{"line":12,"column":60}},"12":{"start":{"line":13,"column":0},"end":{"line":13,"column":39}}},"s":{"0":1,"2":1,"9":1,"10":1,"11":1,"12":1},"branchMap":{"0":{"type":"branch","line":10,"loc":{"start":{"line":10,"column":20},"end":{"line":10,"column":60}},"locations":[{"start":{"line":10,"column":20},"end":{"line":10,"column":60}}]},"1":{"type":"branch","line":10,"loc":{"start":{"line":10,"column":37},"end":{"line":10,"column":60}},"locations":[{"start":{"line":10,"column":37},"end":{"line":10,"column":60}}]},"2":{"type":"branch","line":11,"loc":{"start":{"line":11,"column":21},"end":{"line":11,"column":69}},"locations":[{"start":{"line":11,"column":21},"end":{"line":11,"column":69}}]},"3":{"type":"branch","line":11,"loc":{"start":{"line":11,"column":38},"end":{"line":11,"column":69}},"locations":[{"start":{"line":11,"column":38},"end":{"line":11,"column":69}}]},"4":{"type":"branch","line":12,"loc":{"start":{"line":12,"column":17},"end":{"line":12,"column":58}},"locations":[{"start":{"line":12,"column":17},"end":{"line":12,"column":58}}]},"5":{"type":"branch","line":12,"loc":{"start":{"line":12,"column":34},"end":{"line":12,"column":58}},"locations":[{"start":{"line":12,"column":34},"end":{"line":12,"column":58}}]},"6":{"type":"branch","line":13,"loc":{"start":{"line":13,"column":9},"end":{"line":13,"column":37}},"locations":[{"start":{"line":13,"column":9},"end":{"line":13,"column":37}}]},"7":{"type":"branch","line":13,"loc":{"start":{"line":13,"column":26},"end":{"line":13,"column":37}},"locations":[{"start":{"line":13,"column":26},"end":{"line":13,"column":37}}]}},"b":{"0":[26],"1":[22],"2":[26],"3":[20],"4":[26],"5":[21],"6":[26],"7":[22]},"fnMap":{},"f":{}}
,"C:\\Users\\User\\Documents\\workroom\\my-app\\src\\reusalbleComponents\\FlexBox\\FlexBox.tsx": {"path":"C:\\Users\\User\\Documents\\workroom\\my-app\\src\\reusalbleComponents\\FlexBox\\FlexBox.tsx","all":false,"statementMap":{"0":{"start":{"line":1,"column":0},"end":{"line":1,"column":34}},"1":{"start":{"line":2,"column":0},"end":{"line":2,"column":44}},"13":{"start":{"line":14,"column":0},"end":{"line":14,"column":65}},"14":{"start":{"line":15,"column":0},"end":{"line":15,"column":92}},"15":{"start":{"line":16,"column":0},"end":{"line":16,"column":14}},"16":{"start":{"line":17,"column":0},"end":{"line":17,"column":15}},"17":{"start":{"line":18,"column":0},"end":{"line":18,"column":36}},"18":{"start":{"line":19,"column":0},"end":{"line":19,"column":38}},"19":{"start":{"line":20,"column":0},"end":{"line":20,"column":30}},"20":{"start":{"line":21,"column":0},"end":{"line":21,"column":16}},"21":{"start":{"line":22,"column":0},"end":{"line":22,"column":27}},"22":{"start":{"line":23,"column":0},"end":{"line":23,"column":19}},"24":{"start":{"line":25,"column":0},"end":{"line":25,"column":16}},"25":{"start":{"line":26,"column":0},"end":{"line":26,"column":16}},"27":{"start":{"line":28,"column":0},"end":{"line":28,"column":1}},"29":{"start":{"line":30,"column":0},"end":{"line":30,"column":31}}},"s":{"0":1,"1":1,"13":1,"14":1,"15":26,"16":26,"17":26,"18":26,"19":26,"20":26,"21":26,"22":26,"24":26,"25":26,"27":1,"29":1},"branchMap":{"0":{"type":"branch","line":15,"loc":{"start":{"line":15,"column":2},"end":{"line":26,"column":16}},"locations":[{"start":{"line":15,"column":2},"end":{"line":26,"column":16}}]}},"b":{"0":[26]},"fnMap":{},"f":{}}
,"C:\\Users\\User\\Documents\\workroom\\my-app\\src\\reusalbleComponents\\FlexBox\\index.ts": {"path":"C:\\Users\\User\\Documents\\workroom\\my-app\\src\\reusalbleComponents\\FlexBox\\index.ts","all":true,"statementMap":{},"s":{},"branchMap":{"0":{"type":"branch","line":1,"loc":{"start":{"line":1,"column":46},"end":{"line":1,"column":46}},"locations":[{"start":{"line":1,"column":46},"end":{"line":1,"column":46}}]}},"b":{"0":[1]},"fnMap":{"0":{"name":"(empty-report)","decl":{"start":{"line":1,"column":46},"end":{"line":1,"column":46}},"loc":{"start":{"line":1,"column":46},"end":{"line":1,"column":46}},"line":1}},"f":{"0":1}}
,"C:\\Users\\User\\Documents\\workroom\\my-app\\src\\startPage\\index.ts": {"path":"C:\\Users\\User\\Documents\\workroom\\my-app\\src\\startPage\\index.ts","all":true,"statementMap":{"0":{"start":{"line":1,"column":0},"end":{"line":1,"column":67}}},"s":{"0":0},"branchMap":{"0":{"type":"branch","line":1,"loc":{"start":{"line":1,"column":67},"end":{"line":1,"column":67}},"locations":[{"start":{"line":1,"column":67},"end":{"line":1,"column":67}}]}},"b":{"0":[0]},"fnMap":{"0":{"name":"(empty-report)","decl":{"start":{"line":1,"column":67},"end":{"line":1,"column":67}},"loc":{"start":{"line":1,"column":67},"end":{"line":1,"column":67}},"line":1}},"f":{"0":0}}
,"C:\\Users\\User\\Documents\\workroom\\my-app\\src\\startPage\\components\\categories.tsx": {"path":"C:\\Users\\User\\Documents\\workroom\\my-app\\src\\startPage\\components\\categories.tsx","all":true,"statementMap":{"0":{"start":{"line":1,"column":0},"end":{"line":1,"column":51}},"11":{"start":{"line":12,"column":0},"end":{"line":12,"column":33}},"12":{"start":{"line":13,"column":0},"end":{"line":13,"column":46}},"13":{"start":{"line":14,"column":0},"end":{"line":14,"column":60}},"14":{"start":{"line":15,"column":0},"end":{"line":15,"column":57}},"16":{"start":{"line":17,"column":0},"end":{"line":17,"column":51}},"22":{"start":{"line":23,"column":0},"end":{"line":23,"column":19}},"23":{"start":{"line":24,"column":0},"end":{"line":24,"column":35}},"24":{"start":{"line":25,"column":0},"end":{"line":25,"column":11}},"25":{"start":{"line":26,"column":0},"end":{"line":26,"column":24}},"26":{"start":{"line":27,"column":0},"end":{"line":27,"column":76}},"28":{"start":{"line":29,"column":0},"end":{"line":29,"column":27}},"29":{"start":{"line":30,"column":0},"end":{"line":30,"column":56}},"30":{"start":{"line":31,"column":0},"end":{"line":31,"column":9}},"31":{"start":{"line":32,"column":0},"end":{"line":32,"column":44}},"32":{"start":{"line":33,"column":0},"end":{"line":33,"column":23}},"33":{"start":{"line":34,"column":0},"end":{"line":34,"column":23}},"34":{"start":{"line":35,"column":0},"end":{"line":35,"column":78}},"35":{"start":{"line":36,"column":0},"end":{"line":36,"column":17}},"36":{"start":{"line":37,"column":0},"end":{"line":37,"column":25}},"37":{"start":{"line":38,"column":0},"end":{"line":38,"column":7}},"38":{"start":{"line":39,"column":0},"end":{"line":39,"column":5}},"39":{"start":{"line":40,"column":0},"end":{"line":40,"column":15}},"40":{"start":{"line":41,"column":0},"end":{"line":41,"column":8}},"42":{"start":{"line":43,"column":0},"end":{"line":43,"column":43}},"43":{"start":{"line":44,"column":0},"end":{"line":44,"column":45}},"45":{"start":{"line":46,"column":0},"end":{"line":46,"column":10}},"46":{"start":{"line":47,"column":0},"end":{"line":47,"column":6}},"47":{"start":{"line":48,"column":0},"end":{"line":48,"column":23}},"48":{"start":{"line":49,"column":0},"end":{"line":49,"column":46}},"49":{"start":{"line":50,"column":0},"end":{"line":50,"column":53}},"50":{"start":{"line":51,"column":0},"end":{"line":51,"column":55}},"51":{"start":{"line":52,"column":0},"end":{"line":52,"column":46}},"52":{"start":{"line":53,"column":0},"end":{"line":53,"column":21}},"53":{"start":{"line":54,"column":0},"end":{"line":54,"column":19}},"54":{"start":{"line":55,"column":0},"end":{"line":55,"column":11}},"55":{"start":{"line":56,"column":0},"end":{"line":56,"column":15}},"56":{"start":{"line":57,"column":0},"end":{"line":57,"column":7}},"58":{"start":{"line":59,"column":0},"end":{"line":59,"column":1}}},"s":{"0":0,"11":0,"12":0,"13":0,"14":0,"16":0,"22":0,"23":0,"24":0,"25":0,"26":0,"28":0,"29":0,"30":0,"31":0,"32":0,"33":0,"34":0,"35":0,"36":0,"37":0,"38":0,"39":0,"40":0,"42":0,"43":0,"45":0,"46":0,"47":0,"48":0,"49":0,"50":0,"51":0,"52":0,"53":0,"54":0,"55":0,"56":0,"58":0},"branchMap":{"0":{"type":"branch","line":1,"loc":{"start":{"line":1,"column":1456},"end":{"line":59,"column":1}},"locations":[{"start":{"line":1,"column":1456},"end":{"line":59,"column":1}}]}},"b":{"0":[0]},"fnMap":{"0":{"name":"(empty-report)","decl":{"start":{"line":1,"column":1456},"end":{"line":59,"column":1}},"loc":{"start":{"line":1,"column":1456},"end":{"line":59,"column":1}},"line":1}},"f":{"0":0}}
,"C:\\Users\\User\\Documents\\workroom\\my-app\\src\\startPage\\components\\initWindowSetting.tsx": {"path":"C:\\Users\\User\\Documents\\workroom\\my-app\\src\\startPage\\components\\initWindowSetting.tsx","all":true,"statementMap":{"0":{"start":{"line":1,"column":0},"end":{"line":1,"column":67}},"1":{"start":{"line":2,"column":0},"end":{"line":2,"column":41}},"3":{"start":{"line":4,"column":0},"end":{"line":4,"column":41}},"4":{"start":{"line":5,"column":0},"end":{"line":5,"column":10}},"5":{"start":{"line":6,"column":0},"end":{"line":6,"column":6}},"6":{"start":{"line":7,"column":0},"end":{"line":7,"column":38}},"7":{"start":{"line":8,"column":0},"end":{"line":8,"column":22}},"8":{"start":{"line":9,"column":0},"end":{"line":9,"column":16}},"9":{"start":{"line":10,"column":0},"end":{"line":10,"column":7}},"11":{"start":{"line":12,"column":0},"end":{"line":12,"column":1}}},"s":{"0":0,"1":0,"3":0,"4":0,"5":0,"6":0,"7":0,"8":0,"9":0,"11":0},"branchMap":{"0":{"type":"branch","line":1,"loc":{"start":{"line":1,"column":263},"end":{"line":12,"column":1}},"locations":[{"start":{"line":1,"column":263},"end":{"line":12,"column":1}}]}},"b":{"0":[0]},"fnMap":{"0":{"name":"(empty-report)","decl":{"start":{"line":1,"column":263},"end":{"line":12,"column":1}},"loc":{"start":{"line":1,"column":263},"end":{"line":12,"column":1}},"line":1}},"f":{"0":0}}
,"C:\\Users\\User\\Documents\\workroom\\my-app\\src\\store\\store.ts": {"path":"C:\\Users\\User\\Documents\\workroom\\my-app\\src\\store\\store.ts","all":true,"statementMap":{"0":{"start":{"line":1,"column":0},"end":{"line":1,"column":49}},"2":{"start":{"line":3,"column":0},"end":{"line":3,"column":31}},"3":{"start":{"line":4,"column":0},"end":{"line":4,"column":13}},"4":{"start":{"line":5,"column":0},"end":{"line":5,"column":2}}},"s":{"0":0,"2":0,"3":0,"4":0},"branchMap":{"0":{"type":"branch","line":1,"loc":{"start":{"line":1,"column":99},"end":{"line":5,"column":2}},"locations":[{"start":{"line":1,"column":99},"end":{"line":5,"column":2}}]}},"b":{"0":[0]},"fnMap":{"0":{"name":"(empty-report)","decl":{"start":{"line":1,"column":99},"end":{"line":5,"column":2}},"loc":{"start":{"line":1,"column":99},"end":{"line":5,"column":2}},"line":1}},"f":{"0":0}}
}
